sfml-window-s-d.lib(VideoModeImpl.cpp.obj) : error LNK2019: nierozpoznany zewnętrzny symbol __imp_EnumDisplaySettingsW przywołany w funkcji "public: static class std::vector<class sf::VideoMode,class std::allocator<class sf::VideoMode> > __cdecl sf::priv::VideoModeImpl::getFullscreenModes(void)" (?getFullscreenModes@VideoModeImpl@priv@sf@@SA?AV?$vector@VVideoMode@sf@@V?$allocator@VVideoMode@sf@@@std@@@std@@XZ)
sfml-window-s-d.lib(WglContext.cpp.obj) : error LNK2019: nierozpoznany zewnętrzny symbol __imp_CreateWindowExA przywołany w funkcji "public: __cdecl sf::priv::WglContext::WglContext(class sf::priv::WglContext *)" (??0WglContext@priv@sf@@QEAA@PEAV012@@Z)
sfml-window-s-d.lib(WglContext.cpp.obj) : error LNK2019: nierozpoznany zewnętrzny symbol __imp_DestroyWindow przywołany w funkcji "public: virtual __cdecl sf::priv::WglContext::~WglContext(void)" (??1WglContext@priv@sf@@UEAA@XZ)
sfml-window-s-d.lib(WindowImplWin32.cpp.obj) : error LNK2001: nierozpoznany symbol zewnętrzny __imp_DestroyWindow
sfml-window-s-d.lib(WglContext.cpp.obj) : error LNK2019: nierozpoznany zewnętrzny symbol __imp_ShowWindow przywołany w funkcji "public: __cdecl sf::priv::WglContext::WglContext(class sf::priv::WglContext *)" (??0WglContext@priv@sf@@QEAA@PEAV012@@Z)
sfml-window-s-d.lib(WindowImplWin32.cpp.obj) : error LNK2001: nierozpoznany symbol zewnętrzny __imp_ShowWindow
sfml-window-s-d.lib(WglContext.cpp.obj) : error LNK2019: nierozpoznany zewnętrzny symbol __imp_GetDC przywołany w funkcji "public: __cdecl sf::priv::WglContext::WglContext(class sf::priv::WglContext *)" (??0WglContext@priv@sf@@QEAA@PEAV012@@Z)
sfml-window-s-d.lib(WindowImplWin32.cpp.obj) : error LNK2001: nierozpoznany symbol zewnętrzny __imp_GetDC
sfml-window-s-d.lib(WglContext.cpp.obj) : error LNK2019: nierozpoznany zewnętrzny symbol __imp_ReleaseDC przywołany w funkcji "public: virtual __cdecl sf::priv::WglContext::~WglContext(void)" (??1WglContext@priv@sf@@UEAA@XZ)
sfml-window-s-d.lib(WindowImplWin32.cpp.obj) : error LNK2001: nierozpoznany symbol zewnętrzny __imp_ReleaseDC
sfml-window-s-d.lib(WindowImplWin32.cpp.obj) : error LNK2019: nierozpoznany zewnętrzny symbol __imp_TrackMouseEvent przywołany w funkcji "private: void __cdecl sf::priv::WindowImplWin32::setTracking(bool)" (?setTracking@WindowImplWin32@priv@sf@@AEAAX_N@Z)
sfml-window-s-d.lib(WindowImplWin32.cpp.obj) : error LNK2019: nierozpoznany zewnętrzny symbol __imp_TranslateMessage przywołany w funkcji "protected: virtual void __cdecl sf::priv::WindowImplWin32::processEvents(void)" (?processEvents@WindowImplWin32@priv@sf@@MEAAXXZ)
sfml-window-s-d.lib(WindowImplWin32.cpp.obj) : error LNK2019: nierozpoznany zewnętrzny symbol __imp_DispatchMessageW przywołany w funkcji "protected: virtual void __cdecl sf::priv::WindowImplWin32::processEvents(void)" (?processEvents@WindowImplWin32@priv@sf@@MEAAXXZ)
sfml-window-s-d.lib(WindowImplWin32.cpp.obj) : error LNK2019: nierozpoznany zewnętrzny symbol __imp_PeekMessageW przywołany w funkcji "protected: virtual void __cdecl sf::priv::WindowImplWin32::processEvents(void)" (?processEvents@WindowImplWin32@priv@sf@@MEAAXXZ)
sfml-window-s-d.lib(WindowImplWin32.cpp.obj) : error LNK2019: nierozpoznany zewnętrzny symbol __imp_SendMessageW przywołany w funkcji "public: virtual void __cdecl sf::priv::WindowImplWin32::setIcon(unsigned int,unsigned int,unsigned char const *)" (?setIcon@WindowImplWin32@priv@sf@@UEAAXIIPEBE@Z)
sfml-window-s-d.lib(WindowImplWin32.cpp.obj) : error LNK2019: nierozpoznany zewnętrzny symbol __imp_DefWindowProcW przywołany w funkcji "private: static __int64 __cdecl sf::priv::WindowImplWin32::globalOnEvent(struct HWND__ *,unsigned int,unsigned __int64,__int64)" (?globalOnEvent@WindowImplWin32@priv@sf@@CA_JPEAUHWND__@@I_K_J@Z)
sfml-window-s-d.lib(WindowImplWin32.cpp.obj) : error LNK2019: nierozpoznany zewnętrzny symbol __imp_CallWindowProcW przywołany w funkcji "private: static __int64 __cdecl sf::priv::WindowImplWin32::globalOnEvent(struct HWND__ *,unsigned int,unsigned __int64,__int64)" (?globalOnEvent@WindowImplWin32@priv@sf@@CA_JPEAUHWND__@@I_K_J@Z)
sfml-window-s-d.lib(WindowImplWin32.cpp.obj) : error LNK2019: nierozpoznany zewnętrzny symbol __imp_RegisterClassW przywołany w funkcji "private: void __cdecl sf::priv::WindowImplWin32::registerWindowClass(void)" (?registerWindowClass@WindowImplWin32@priv@sf@@AEAAXXZ)
sfml-window-s-d.lib(WindowImplWin32.cpp.obj) : error LNK2019: nierozpoznany zewnętrzny symbol __imp_UnregisterClassW przywołany w funkcji "public: virtual __cdecl sf::priv::WindowImplWin32::~WindowImplWin32(void)" (??1WindowImplWin32@priv@sf@@UEAA@XZ)
sfml-window-s-d.lib(WindowImplWin32.cpp.obj) : error LNK2019: nierozpoznany zewnętrzny symbol __imp_CreateWindowExW przywołany w funkcji "public: __cdecl sf::priv::WindowImplWin32::WindowImplWin32(class sf::VideoMode,class sf::String const &,unsigned int,struct sf::ContextSettings const &)" (??0WindowImplWin32@priv@sf@@QEAA@VVideoMode@2@AEBVString@2@IAEBUContextSettings@2@@Z)
sfml-window-s-d.lib(WindowImplWin32.cpp.obj) : error LNK2019: nierozpoznany zewnętrzny symbol __imp_FlashWindowEx przywołany w funkcji "public: virtual void __cdecl sf::priv::WindowImplWin32::requestFocus(void)" (?requestFocus@WindowImplWin32@priv@sf@@UEAAXXZ)
sfml-window-s-d.lib(WindowImplWin32.cpp.obj) : error LNK2019: nierozpoznany zewnętrzny symbol __imp_SetWindowPos przywołany w funkcji "public: virtual void __cdecl sf::priv::WindowImplWin32::setPosition(class sf::Vector2<int> const &)" (?setPosition@WindowImplWin32@priv@sf@@UEAAXAEBV?$Vector2@H@3@@Z)
sfml-window-s-d.lib(WindowImplWin32.cpp.obj) : error LNK2019: nierozpoznany zewnętrzny symbol __imp_GetAsyncKeyState przywołany w funkcji "private: void __cdecl sf::priv::WindowImplWin32::processEvent(unsigned int,unsigned __int64,__int64)" (?processEvent@WindowImplWin32@priv@sf@@AEAAXI_K_J@Z)
sfml-window-s-d.lib(WindowImplWin32.cpp.obj) : error LNK2019: nierozpoznany zewnętrzny symbol __imp_MapVirtualKeyW przywołany w funkcji "private: static enum sf::Keyboard::Key __cdecl sf::priv::WindowImplWin32::virtualKeyCodeToSF(unsigned __int64,__int64)" (?virtualKeyCodeToSF@WindowImplWin32@priv@sf@@CA?AW4Key@Keyboard@3@_K_J@Z)
sfml-window-s-d.lib(WindowImplWin32.cpp.obj) : error LNK2019: nierozpoznany zewnętrzny symbol __imp_GetCapture przywołany w funkcji "private: void __cdecl sf::priv::WindowImplWin32::processEvent(unsigned int,unsigned __int64,__int64)" (?processEvent@WindowImplWin32@priv@sf@@AEAAXI_K_J@Z)
sfml-window-s-d.lib(WindowImplWin32.cpp.obj) : error LNK2019: nierozpoznany zewnętrzny symbol __imp_SetCapture przywołany w funkcji "private: void __cdecl sf::priv::WindowImplWin32::processEvent(unsigned int,unsigned __int64,__int64)" (?processEvent@WindowImplWin32@priv@sf@@AEAAXI_K_J@Z)
sfml-window-s-d.lib(WindowImplWin32.cpp.obj) : error LNK2019: nierozpoznany zewnętrzny symbol __imp_ReleaseCapture przywołany w funkcji "private: void __cdecl sf::priv::WindowImplWin32::cleanup(void)" (?cleanup@WindowImplWin32@priv@sf@@AEAAXXZ)
sfml-window-s-d.lib(WindowImplWin32.cpp.obj) : error LNK2019: nierozpoznany zewnętrzny symbol __imp_GetForegroundWindow przywołany w funkcji "public: virtual void __cdecl sf::priv::WindowImplWin32::requestFocus(void)" (?requestFocus@WindowImplWin32@priv@sf@@UEAAXXZ)
sfml-window-s-d.lib(WindowImplWin32.cpp.obj) : error LNK2019: nierozpoznany zewnętrzny symbol __imp_SetForegroundWindow przywołany w funkcji "public: virtual void __cdecl sf::priv::WindowImplWin32::requestFocus(void)" (?requestFocus@WindowImplWin32@priv@sf@@UEAAXXZ)
sfml-window-s-d.lib(WindowImplWin32.cpp.obj) : error LNK2019: nierozpoznany zewnętrzny symbol __imp_SetWindowTextW przywołany w funkcji "public: virtual void __cdecl sf::priv::WindowImplWin32::setTitle(class sf::String const &)" (?setTitle@WindowImplWin32@priv@sf@@UEAAXAEBVString@3@@Z)
sfml-window-s-d.lib(WindowImplWin32.cpp.obj) : error LNK2019: nierozpoznany zewnętrzny symbol __imp_GetClientRect przywołany w funkcji "public: virtual class sf::Vector2<unsigned int> __cdecl sf::priv::WindowImplWin32::getSize(void)const " (?getSize@WindowImplWin32@priv@sf@@UEBA?AV?$Vector2@I@3@XZ)
sfml-window-s-d.lib(WindowImplWin32.cpp.obj) : error LNK2019: nierozpoznany zewnętrzny symbol __imp_GetWindowRect przywołany w funkcji "public: virtual class sf::Vector2<int> __cdecl sf::priv::WindowImplWin32::getPosition(void)const " (?getPosition@WindowImplWin32@priv@sf@@UEBA?AV?$Vector2@H@3@XZ)
sfml-window-s-d.lib(WindowImplWin32.cpp.obj) : error LNK2019: nierozpoznany zewnętrzny symbol __imp_AdjustWindowRect przywołany w funkcji "public: __cdecl sf::priv::WindowImplWin32::WindowImplWin32(class sf::VideoMode,class sf::String const &,unsigned int,struct sf::ContextSettings const &)" (??0WindowImplWin32@priv@sf@@QEAA@VVideoMode@2@AEBVString@2@IAEBUContextSettings@2@@Z)
sfml-window-s-d.lib(WindowImplWin32.cpp.obj) : error LNK2019: nierozpoznany zewnętrzny symbol __imp_SetCursor przywołany w funkcji "public: virtual void __cdecl sf::priv::WindowImplWin32::setMouseCursorVisible(bool)" (?setMouseCursorVisible@WindowImplWin32@priv@sf@@UEAAX_N@Z)
sfml-window-s-d.lib(WindowImplWin32.cpp.obj) : error LNK2019: nierozpoznany zewnętrzny symbol __imp_ScreenToClient przywołany w funkcji "private: void __cdecl sf::priv::WindowImplWin32::processEvent(unsigned int,unsigned __int64,__int64)" (?processEvent@WindowImplWin32@priv@sf@@AEAAXI_K_J@Z)
sfml-window-s-d.lib(WindowImplWin32.cpp.obj) : error LNK2019: nierozpoznany zewnętrzny symbol __imp_GetWindowLongW przywołany w funkcji "public: virtual void __cdecl sf::priv::WindowImplWin32::setSize(class sf::Vector2<unsigned int> const &)" (?setSize@WindowImplWin32@priv@sf@@UEAAXAEBV?$Vector2@I@3@@Z)
sfml-window-s-d.lib(WindowImplWin32.cpp.obj) : error LNK2019: nierozpoznany zewnętrzny symbol __imp_SetWindowLongW przywołany w funkcji "private: void __cdecl sf::priv::WindowImplWin32::switchToFullscreen(class sf::VideoMode const &)" (?switchToFullscreen@WindowImplWin32@priv@sf@@AEAAXAEBVVideoMode@3@@Z)
sfml-window-s-d.lib(WindowImplWin32.cpp.obj) : error LNK2019: nierozpoznany zewnętrzny symbol __imp_GetWindowLongPtrW przywołany w funkcji "private: static __int64 __cdecl sf::priv::WindowImplWin32::globalOnEvent(struct HWND__ *,unsigned int,unsigned __int64,__int64)" (?globalOnEvent@WindowImplWin32@priv@sf@@CA_JPEAUHWND__@@I_K_J@Z)
sfml-window-s-d.lib(WindowImplWin32.cpp.obj) : error LNK2019: nierozpoznany zewnętrzny symbol __imp_SetWindowLongPtrW przywołany w funkcji "public: __cdecl sf::priv::WindowImplWin32::WindowImplWin32(struct HWND__ *)" (??0WindowImplWin32@priv@sf@@QEAA@PEAUHWND__@@@Z)
sfml-window-s-d.lib(WindowImplWin32.cpp.obj) : error LNK2019: nierozpoznany zewnętrzny symbol __imp_GetWindowThreadProcessId przywołany w funkcji "public: virtual void __cdecl sf::priv::WindowImplWin32::requestFocus(void)" (?requestFocus@WindowImplWin32@priv@sf@@UEAAXXZ)
sfml-window-s-d.lib(WindowImplWin32.cpp.obj) : error LNK2019: nierozpoznany zewnętrzny symbol __imp_LoadCursorW przywołany w funkcji "public: virtual void __cdecl sf::priv::WindowImplWin32::setMouseCursorVisible(bool)" (?setMouseCursorVisible@WindowImplWin32@priv@sf@@UEAAX_N@Z)
sfml-window-s-d.lib(WindowImplWin32.cpp.obj) : error LNK2019: nierozpoznany zewnętrzny symbol __imp_CreateIcon przywołany w funkcji "public: virtual void __cdecl sf::priv::WindowImplWin32::setIcon(unsigned int,unsigned int,unsigned char const *)" (?setIcon@WindowImplWin32@priv@sf@@UEAAXIIPEBE@Z)
sfml-window-s-d.lib(WindowImplWin32.cpp.obj) : error LNK2019: nierozpoznany zewnętrzny symbol __imp_DestroyIcon przywołany w funkcji "public: virtual __cdecl sf::priv::WindowImplWin32::~WindowImplWin32(void)" (??1WindowImplWin32@priv@sf@@UEAA@XZ)
sfml-window-s-d.lib(WindowImplWin32.cpp.obj) : error LNK2019: nierozpoznany zewnętrzny symbol __imp_ChangeDisplaySettingsW przywołany w funkcji "private: void __cdecl sf::priv::WindowImplWin32::switchToFullscreen(class sf::VideoMode const &)" (?switchToFullscreen@WindowImplWin32@priv@sf@@AEAAXAEBVVideoMode@3@@Z)
sfml-window-s-d.lib(JoystickImpl.cpp.obj) : error LNK2019: nierozpoznany zewnętrzny symbol __imp_RegCloseKey przywołany w funkcji "class sf::String __cdecl `anonymous namespace'::getDeviceName(unsigned int,struct tagJOYCAPSW)" (?getDeviceName@?A0x2523b675@@YA?AVString@sf@@IUtagJOYCAPSW@@@Z)
sfml-window-s-d.lib(JoystickImpl.cpp.obj) : error LNK2019: nierozpoznany zewnętrzny symbol __imp_RegOpenKeyExW przywołany w funkcji "class sf::String __cdecl `anonymous namespace'::getDeviceName(unsigned int,struct tagJOYCAPSW)" (?getDeviceName@?A0x2523b675@@YA?AVString@sf@@IUtagJOYCAPSW@@@Z)
sfml-window-s-d.lib(JoystickImpl.cpp.obj) : error LNK2019: nierozpoznany zewnętrzny symbol __imp_RegQueryValueExW przywołany w funkcji "class sf::String __cdecl `anonymous namespace'::getDeviceName(unsigned int,struct tagJOYCAPSW)" (?getDeviceName@?A0x2523b675@@YA?AVString@sf@@IUtagJOYCAPSW@@@Z)
C:\Users\Bartek\source\repos\MapEditor\x64\Debug\MapEditor.exe : fatal error LNK1120: liczba nierozpoznanych elementów zewnętrznych: 43
